<?xml version="1.0" encoding="UTF-8"?>
<!-- Generated by org.testng.reporters.JUnitXMLReporter -->
<testsuite ignored="0" hostname="DESKTOP-31L47S6" failures="0" tests="3" name="Default test" time="40.889" errors="0" timestamp="30 May 2023 04:07:21 GMT">
  <testcase classname="testng.LoginDemo" name="verifyUrl" time="0.02"/>
  <testcase classname="testng.LoginDemo" name="verifyTitle" time="2.012"/>
  <testcase classname="testng.LoginDemo" name="Login" time="6.489"/>
</testsuite> <!-- Default test -->
