<?xml version="1.0" encoding="UTF-8"?>
<testng-results ignored="0" total="3" passed="3" failed="0" skipped="0">
  <reporter-output>
  </reporter-output>
  <suite started-at="2023-05-30T04:06:40Z" name="Default suite" finished-at="2023-05-30T04:07:21Z" duration-ms="40889">
    <groups>
    </groups>
    <test started-at="2023-05-30T04:06:40Z" name="Default test" finished-at="2023-05-30T04:07:21Z" duration-ms="40889">
      <class name="testng.LoginDemo">
        <test-method is-config="true" signature="beforclass()[pri:0, instance:testng.LoginDemo@56c4278e]" started-at="2023-05-30T04:06:40Z" name="beforclass" finished-at="2023-05-30T04:06:40Z" duration-ms="14" status="PASS">
          <reporter-output>
          </reporter-output>
        </test-method> <!-- beforclass -->
        <test-method is-config="true" signature="setup()[pri:0, instance:testng.LoginDemo@56c4278e]" started-at="2023-05-30T04:06:40Z" name="setup" finished-at="2023-05-30T04:06:48Z" duration-ms="8416" status="PASS">
          <reporter-output>
          </reporter-output>
        </test-method> <!-- setup -->
        <test-method signature="verifyUrl()[pri:1, instance:testng.LoginDemo@56c4278e]" started-at="2023-05-30T04:06:48Z" name="verifyUrl" finished-at="2023-05-30T04:06:48Z" duration-ms="20" status="PASS">
          <reporter-output>
          </reporter-output>
        </test-method> <!-- verifyUrl -->
        <test-method is-config="true" signature="teardown()[pri:0, instance:testng.LoginDemo@56c4278e]" started-at="2023-05-30T04:06:48Z" name="teardown" finished-at="2023-05-30T04:06:51Z" duration-ms="2558" status="PASS">
          <reporter-output>
          </reporter-output>
        </test-method> <!-- teardown -->
        <test-method is-config="true" signature="setup()[pri:0, instance:testng.LoginDemo@56c4278e]" started-at="2023-05-30T04:06:51Z" name="setup" finished-at="2023-05-30T04:06:57Z" duration-ms="6529" status="PASS">
          <reporter-output>
          </reporter-output>
        </test-method> <!-- setup -->
        <test-method signature="verifyTitle()[pri:2, instance:testng.LoginDemo@56c4278e]" started-at="2023-05-30T04:06:57Z" name="verifyTitle" finished-at="2023-05-30T04:06:59Z" duration-ms="2012" status="PASS">
          <reporter-output>
          </reporter-output>
        </test-method> <!-- verifyTitle -->
        <test-method is-config="true" signature="teardown()[pri:0, instance:testng.LoginDemo@56c4278e]" started-at="2023-05-30T04:06:59Z" name="teardown" finished-at="2023-05-30T04:07:02Z" duration-ms="2241" status="PASS">
          <reporter-output>
          </reporter-output>
        </test-method> <!-- teardown -->
        <test-method is-config="true" signature="setup()[pri:0, instance:testng.LoginDemo@56c4278e]" started-at="2023-05-30T04:07:02Z" name="setup" finished-at="2023-05-30T04:07:12Z" duration-ms="10373" status="PASS">
          <reporter-output>
          </reporter-output>
        </test-method> <!-- setup -->
        <test-method signature="Login()[pri:3, instance:testng.LoginDemo@56c4278e]" started-at="2023-05-30T04:07:12Z" name="Login" finished-at="2023-05-30T04:07:18Z" duration-ms="6489" status="PASS">
          <reporter-output>
          </reporter-output>
        </test-method> <!-- Login -->
        <test-method is-config="true" signature="teardown()[pri:0, instance:testng.LoginDemo@56c4278e]" started-at="2023-05-30T04:07:18Z" name="teardown" finished-at="2023-05-30T04:07:21Z" duration-ms="2195" status="PASS">
          <reporter-output>
          </reporter-output>
        </test-method> <!-- teardown -->
        <test-method is-config="true" signature="afterclass()[pri:0, instance:testng.LoginDemo@56c4278e]" started-at="2023-05-30T04:07:21Z" name="afterclass" finished-at="2023-05-30T04:07:21Z" duration-ms="0" status="PASS">
          <reporter-output>
          </reporter-output>
        </test-method> <!-- afterclass -->
      </class> <!-- testng.LoginDemo -->
    </test> <!-- Default test -->
  </suite> <!-- Default suite -->
</testng-results>
